<?xml version="1.0" encoding="UTF-8"?>
<robot generator="Robot 7.0.1 (Python 3.11.4 on win32)" generated="2024-07-16T21:59:36.042171" rpa="false" schemaversion="5">
<suite id="s1" name="AmazonTestCase" source="D:\Robotamazon\Testcase\AmazonTestCase.robot">
<test id="s1-t1" name="Log" line="12">
<kw name="Luanch Browser" owner="Base">
<kw name="Open Browser" owner="SeleniumLibrary">
<msg time="2024-07-16T21:59:36.307899" level="INFO">Opening browser 'Firefox' to base url 'https://www.amazon.in/'.</msg>
<arg>${URL}</arg>
<arg>${BROWSER}</arg>
<doc>Opens a new browser instance to the optional ``url``.</doc>
<status status="PASS" start="2024-07-16T21:59:36.307899" elapsed="7.262523"/>
</kw>
<status status="PASS" start="2024-07-16T21:59:36.307899" elapsed="7.262523"/>
</kw>
<kw name="Enter the searchEngines" owner="SearchProduct">
<kw name="Input Text" owner="SeleniumLibrary">
<msg time="2024-07-16T21:59:43.574421" level="INFO">Typing text 'car benz' into text field 'id=twotabsearchtextbox'.</msg>
<arg>id=twotabsearchtextbox</arg>
<arg>car benz</arg>
<doc>Types the given ``text`` into the text field identified by ``locator``.</doc>
<status status="PASS" start="2024-07-16T21:59:43.574421" elapsed="0.429046"/>
</kw>
<kw name="Click Button" owner="SeleniumLibrary">
<msg time="2024-07-16T21:59:44.003467" level="INFO">Clicking button 'id=nav-search-submit-button'.</msg>
<arg>id=nav-search-submit-button</arg>
<doc>Clicks the button identified by ``locator``.</doc>
<status status="PASS" start="2024-07-16T21:59:44.003467" elapsed="1.980016"/>
</kw>
<status status="PASS" start="2024-07-16T21:59:43.574421" elapsed="2.409062"/>
</kw>
<kw name="User select the product" owner="SelectTheProduct">
<kw name="Click Element" owner="SeleniumLibrary">
<msg time="2024-07-16T21:59:45.983483" level="INFO">Clicking element 'xpath=//body/div[@id='a-page']/div[@id='search']/div[1]/div[1]/div[1]/span[1]/div[1]/div[3]/div[1]/div[1]/div[1]/div[1]/span[1]/div[1]/div[1]/div[1]/span[1]/a[1]/div[1]/img[1]'.</msg>
<arg>xpath=//body/div[@id='a-page']/div[@id='search']/div[1]/div[1]/div[1]/span[1]/div[1]/div[3]/div[1]/div[1]/div[1]/div[1]/span[1]/div[1]/div[1]/div[1]/span[1]/a[1]/div[1]/img[1]</arg>
<doc>Click the element identified by ``locator``.</doc>
<status status="PASS" start="2024-07-16T21:59:45.983483" elapsed="0.501623"/>
</kw>
<kw name="Get Window Handles" owner="SeleniumLibrary">
<msg time="2024-07-16T21:59:46.485106" level="INFO">${handles} = ['37f64ca8-b8d8-4dfd-b038-0072089ee572', 'c71a3c33-9e03-4cd7-9832-5b5d9d49d70b']</msg>
<var>${handles}</var>
<doc>Returns all child window handles of the selected browser as a list.</doc>
<status status="PASS" start="2024-07-16T21:59:46.485106" elapsed="0.000000"/>
</kw>
<kw name="Switch Window" owner="SeleniumLibrary">
<arg>${handles}[1]</arg>
<doc>Switches to browser window matching ``locator``.</doc>
<status status="PASS" start="2024-07-16T21:59:46.485106" elapsed="0.045655"/>
</kw>
<status status="PASS" start="2024-07-16T21:59:45.983483" elapsed="0.547278"/>
</kw>
<kw name="AddToCart" owner="AddTheProductToCart">
<kw name="Sleep" owner="BuiltIn">
<msg time="2024-07-16T21:59:50.532515" level="INFO">Slept 4 seconds.</msg>
<arg>4s</arg>
<doc>Pauses the test executed for the given time.</doc>
<status status="PASS" start="2024-07-16T21:59:46.531759" elapsed="4.000756"/>
</kw>
<kw name="Click Button" owner="SeleniumLibrary">
<msg time="2024-07-16T21:59:50.532515" level="INFO">Clicking button 'id=add-to-cart-button'.</msg>
<arg>id=add-to-cart-button</arg>
<doc>Clicks the button identified by ``locator``.</doc>
<status status="PASS" start="2024-07-16T21:59:50.532515" elapsed="1.441109"/>
</kw>
<kw name="Wait Until Element Contains" owner="SeleniumLibrary">
<msg time="2024-07-16T21:59:51.973624" level="FAIL">Keyword 'SeleniumLibrary.Wait Until Element Contains' expected 2 to 4 arguments, got 1.</msg>
<arg>xpath://body/div[@id='a-page']/div[@id='sw-full-view-container']/div[@id='sw-full-view']/div[@id='sw-atc-confirmation']/div[@id='sw-atc-actions']/div[@id='sw-atc-fst-buybox']/div[@id='sw-atc-bb']/div[@id='sw-atc-actions-buy-box-sign-in']/div[@id='sw-atc-buy-box']/form[@id='sw-ptc-form']/span[@id='desktop-ptc-button-celWidget']/span[@id='sc-buy-box-ptc-button']/span[1]/input[1]</arg>
<doc>Waits until the element ``locator`` contains ``text``.</doc>
<status status="FAIL" start="2024-07-16T21:59:51.973624" elapsed="0.000000">Keyword 'SeleniumLibrary.Wait Until Element Contains' expected 2 to 4 arguments, got 1.</status>
</kw>
<kw name="Click Button" owner="SeleniumLibrary">
<arg>xpath://body/div[@id='a-page']/div[@id='sw-full-view-container']/div[@id='sw-full-view']/div[@id='sw-atc-confirmation']/div[@id='sw-atc-actions']/div[@id='sw-atc-actions-buy-box-sign-in']/div[@id='sw-atc-buy-box']/form[@id='sw-ptc-form']/span[@id='desktop-ptc-button-celWidget']/span[@id='sc-buy-box-ptc-button']/span[1]/input[1]</arg>
<doc>Clicks the button identified by ``locator``.</doc>
<status status="NOT RUN" start="2024-07-16T21:59:51.974621" elapsed="0.000000"/>
</kw>
<kw name="Sleep" owner="BuiltIn">
<arg>4s</arg>
<doc>Pauses the test executed for the given time.</doc>
<status status="NOT RUN" start="2024-07-16T21:59:51.974621" elapsed="0.000000"/>
</kw>
<status status="FAIL" start="2024-07-16T21:59:46.531759" elapsed="5.442862">Keyword 'SeleniumLibrary.Wait Until Element Contains' expected 2 to 4 arguments, got 1.</status>
</kw>
<kw name="Sleep" owner="BuiltIn">
<arg>4s</arg>
<doc>Pauses the test executed for the given time.</doc>
<status status="NOT RUN" start="2024-07-16T21:59:51.975618" elapsed="0.000000"/>
</kw>
<kw name="EnterTheUserNameAndPassword" owner="LoginNameDialog">
<status status="NOT RUN" start="2024-07-16T21:59:51.975618" elapsed="0.000000"/>
</kw>
<kw name="Sleep" owner="BuiltIn">
<arg>4s</arg>
<doc>Pauses the test executed for the given time.</doc>
<status status="NOT RUN" start="2024-07-16T21:59:51.975618" elapsed="0.000997"/>
</kw>
<kw name="Close Browser" owner="SeleniumLibrary">
<doc>Closes the current browser.</doc>
<status status="NOT RUN" start="2024-07-16T21:59:51.976615" elapsed="0.000000"/>
</kw>
<status status="FAIL" start="2024-07-16T21:59:36.307899" elapsed="15.669714">Keyword 'SeleniumLibrary.Wait Until Element Contains' expected 2 to 4 arguments, got 1.</status>
</test>
<status status="FAIL" start="2024-07-16T21:59:36.042171" elapsed="15.937438"/>
</suite>
<statistics>
<total>
<stat pass="0" fail="1" skip="0">All Tests</stat>
</total>
<tag>
</tag>
<suite>
<stat pass="0" fail="1" skip="0" id="s1" name="AmazonTestCase">AmazonTestCase</stat>
</suite>
</statistics>
<errors>
</errors>
</robot>
